app/build/intermediates/manifest_merge_blame_file/debug/manifest-merger-blame-debug-report.txt
1<?xml version="1.0" encoding="utf-8"?>
2<manifest xmlns:android="http://schemas.android.com/apk/res/android"
3    package="com.samsung.sdktest"
4    android:versionCode="1"
5    android:versionName="1.0" >
6
7    <uses-sdk
8        android:minSdkVersion="19"
8-->src\main\AndroidManifest.xml
9        android:targetSdkVersion="26" />
9-->src\main\AndroidManifest.xml
10
11    <uses-permission android:name="android.permission.ACCESS_FINE_LOCATION" />
11-->src\main\AndroidManifest.xml:7:5-78
11-->src\main\AndroidManifest.xml:7:22-76
12    <uses-permission android:name="android.permission.WRITE_EXTERNAL_STORAGE" />
12-->src\main\AndroidManifest.xml:8:5-80
12-->src\main\AndroidManifest.xml:8:22-78
13    <uses-permission android:name="android.permission.BODY_SENSORS" />
13-->src\main\AndroidManifest.xml:9:5-71
13-->src\main\AndroidManifest.xml:9:22-68
14    <uses-permission android:name="com.samsung.permission.SSENSOR_HRM_RAW_PPG" />
14-->src\main\AndroidManifest.xml:10:5-81
14-->src\main\AndroidManifest.xml:10:22-79
15    <uses-permission android:name="com.samsung.android.providers.context.permission.WRITE_USE_APP_FEATURE_SURVEY" />
15-->src\main\AndroidManifest.xml:11:5-117
15-->src\main\AndroidManifest.xml:11:22-114
16
17    <meta-data
17-->[com.android.support:appcompat-v7:25.3.1] AndroidManifest.xml:25:5-27:34
18        android:name="android.support.VERSION"
18-->[com.android.support:appcompat-v7:25.3.1] AndroidManifest.xml:26:9-47
19        android:value="25.3.1" />
19-->[com.android.support:appcompat-v7:25.3.1] AndroidManifest.xml:27:9-31
20
21    <application
21-->src\main\AndroidManifest.xml:13:5-23:19
22        android:allowBackup="true"
22-->src\main\AndroidManifest.xml:13:18-44
23        android:debuggable="true"
24        android:icon="@mipmap/ic_launcher"
24-->src\main\AndroidManifest.xml:13:45-79
25        android:label="@string/app_name"
25-->src\main\AndroidManifest.xml:14:9-41
26        android:supportsRtl="true"
26-->src\main\AndroidManifest.xml:15:9-35
27        android:testOnly="true"
28        android:theme="@style/AppTheme" >
28-->src\main\AndroidManifest.xml:15:36-67
29        <activity android:name="com.samsung.sdktest.SsensorActivity" >
29-->src\main\AndroidManifest.xml:16:9-22:20
29-->src\main\AndroidManifest.xml:16:19-69
30            <intent-filter>
30-->src\main\AndroidManifest.xml:17:13-21:29
31                <action android:name="android.intent.action.MAIN" />
31-->src\main\AndroidManifest.xml:18:17-69
31-->src\main\AndroidManifest.xml:18:25-66
32
33                <category android:name="android.intent.category.LAUNCHER" />
33-->src\main\AndroidManifest.xml:20:17-77
33-->src\main\AndroidManifest.xml:20:27-74
34            </intent-filter>
35        </activity>
36    </application>
37
38</manifest>